gpasm-1.4.0 #1107 (May  9 2015) build/sdcc/pr   12-2-2016  22:31:28         PAGE  1


LOC    OBJECT CODE    LINE  SOURCE TEXT
  VALUE

                      00001 ;--------------------------------------------------------
                      00002 ; File Created by SDCC : free open source ANSI-C Compiler
                      00003 ; Version 3.6.0 #9615 (Linux)
                      00004 ;--------------------------------------------------------
                      00005 ; PIC16 port for the Microchip 16-bit core micros
                      00006 ;--------------------------------------------------------
                      00007         list    p=18f4620
                      00008         radix   dec
                      00009 
                      00010 
                      00011 ;--------------------------------------------------------
                      00012 ; public variables in this module
                      00013 ;--------------------------------------------------------
  0000                00014         global  _buff
  0000                00015         global  _Serial_begin
  0000                00016         global  _Serial_tx
  0000                00017         global  _Serial_print
  0000                00018         global  _Serial_println
  0000                00019         global  _Serial_rx
  0000                00020         global  _itoa_
                      00021 
                      00022 ;--------------------------------------------------------
                      00023 ; extern variables in this module
                      00024 ;--------------------------------------------------------
  0000                00025         extern  __gptrget1
  0000                00026         extern  _PORTAbits
  0000                00027         extern  _PORTBbits
  0000                00028         extern  _PORTCbits
  0000                00029         extern  _PORTDbits
  0000                00030         extern  _PORTEbits
  0000                00031         extern  _LATAbits
  0000                00032         extern  _LATBbits
  0000                00033         extern  _LATCbits
  0000                00034         extern  _LATDbits
  0000                00035         extern  _LATEbits
  0000                00036         extern  _DDRAbits
  0000                00037         extern  _TRISAbits
  0000                00038         extern  _DDRBbits
  0000                00039         extern  _TRISBbits
  0000                00040         extern  _DDRCbits
  0000                00041         extern  _TRISCbits
  0000                00042         extern  _DDRDbits
  0000                00043         extern  _TRISDbits
  0000                00044         extern  _DDREbits
  0000                00045         extern  _TRISEbits
  0000                00046         extern  _OSCTUNEbits
  0000                00047         extern  _PIE1bits
  0000                00048         extern  _PIR1bits
  0000                00049         extern  _IPR1bits
  0000                00050         extern  _PIE2bits
  0000                00051         extern  _PIR2bits
  0000                00052         extern  _IPR2bits
  0000                00053         extern  _EECON1bits
gpasm-1.4.0 #1107 (May  9 2015) build/sdcc/pr   12-2-2016  22:31:28         PAGE  2


LOC    OBJECT CODE    LINE  SOURCE TEXT
  VALUE

  0000                00054         extern  _RCSTAbits
  0000                00055         extern  _TXSTAbits
  0000                00056         extern  _T3CONbits
  0000                00057         extern  _CMCONbits
  0000                00058         extern  _CVRCONbits
  0000                00059         extern  _ECCP1ASbits
  0000                00060         extern  _PWM1CONbits
  0000                00061         extern  _BAUDCONbits
  0000                00062         extern  _BAUDCTLbits
  0000                00063         extern  _CCP2CONbits
  0000                00064         extern  _CCP1CONbits
  0000                00065         extern  _ADCON2bits
  0000                00066         extern  _ADCON1bits
  0000                00067         extern  _ADCON0bits
  0000                00068         extern  _SSPCON2bits
  0000                00069         extern  _SSPCON1bits
  0000                00070         extern  _SSPSTATbits
  0000                00071         extern  _T2CONbits
  0000                00072         extern  _T1CONbits
  0000                00073         extern  _RCONbits
  0000                00074         extern  _WDTCONbits
  0000                00075         extern  _HLVDCONbits
  0000                00076         extern  _LVDCONbits
  0000                00077         extern  _OSCCONbits
  0000                00078         extern  _T0CONbits
  0000                00079         extern  _STATUSbits
  0000                00080         extern  _INTCON3bits
  0000                00081         extern  _INTCON2bits
  0000                00082         extern  _INTCONbits
  0000                00083         extern  _STKPTRbits
  0000                00084         extern  _stdin
  0000                00085         extern  _stdout
  0000                00086         extern  _mtime
  0000                00087         extern  _PORTA
  0000                00088         extern  _PORTB
  0000                00089         extern  _PORTC
  0000                00090         extern  _PORTD
  0000                00091         extern  _PORTE
  0000                00092         extern  _LATA
  0000                00093         extern  _LATB
  0000                00094         extern  _LATC
  0000                00095         extern  _LATD
  0000                00096         extern  _LATE
  0000                00097         extern  _DDRA
  0000                00098         extern  _TRISA
  0000                00099         extern  _DDRB
  0000                00100         extern  _TRISB
  0000                00101         extern  _DDRC
  0000                00102         extern  _TRISC
  0000                00103         extern  _DDRD
  0000                00104         extern  _TRISD
  0000                00105         extern  _DDRE
  0000                00106         extern  _TRISE
gpasm-1.4.0 #1107 (May  9 2015) build/sdcc/pr   12-2-2016  22:31:28         PAGE  3


LOC    OBJECT CODE    LINE  SOURCE TEXT
  VALUE

  0000                00107         extern  _OSCTUNE
  0000                00108         extern  _PIE1
  0000                00109         extern  _PIR1
  0000                00110         extern  _IPR1
  0000                00111         extern  _PIE2
  0000                00112         extern  _PIR2
  0000                00113         extern  _IPR2
  0000                00114         extern  _EECON1
  0000                00115         extern  _EECON2
  0000                00116         extern  _EEDATA
  0000                00117         extern  _EEADR
  0000                00118         extern  _EEADRH
  0000                00119         extern  _RCSTA
  0000                00120         extern  _TXSTA
  0000                00121         extern  _TXREG
  0000                00122         extern  _RCREG
  0000                00123         extern  _SPBRG
  0000                00124         extern  _SPBRGH
  0000                00125         extern  _T3CON
  0000                00126         extern  _TMR3
  0000                00127         extern  _TMR3L
  0000                00128         extern  _TMR3H
  0000                00129         extern  _CMCON
  0000                00130         extern  _CVRCON
  0000                00131         extern  _ECCP1AS
  0000                00132         extern  _PWM1CON
  0000                00133         extern  _BAUDCON
  0000                00134         extern  _BAUDCTL
  0000                00135         extern  _CCP2CON
  0000                00136         extern  _CCPR2
  0000                00137         extern  _CCPR2L
  0000                00138         extern  _CCPR2H
  0000                00139         extern  _CCP1CON
  0000                00140         extern  _CCPR1
  0000                00141         extern  _CCPR1L
  0000                00142         extern  _CCPR1H
  0000                00143         extern  _ADCON2
  0000                00144         extern  _ADCON1
  0000                00145         extern  _ADCON0
  0000                00146         extern  _ADRES
  0000                00147         extern  _ADRESL
  0000                00148         extern  _ADRESH
  0000                00149         extern  _SSPCON2
  0000                00150         extern  _SSPCON1
  0000                00151         extern  _SSPSTAT
  0000                00152         extern  _SSPADD
  0000                00153         extern  _SSPBUF
  0000                00154         extern  _T2CON
  0000                00155         extern  _PR2
  0000                00156         extern  _TMR2
  0000                00157         extern  _T1CON
  0000                00158         extern  _TMR1
  0000                00159         extern  _TMR1L
gpasm-1.4.0 #1107 (May  9 2015) build/sdcc/pr   12-2-2016  22:31:28         PAGE  4


LOC    OBJECT CODE    LINE  SOURCE TEXT
  VALUE

  0000                00160         extern  _TMR1H
  0000                00161         extern  _RCON
  0000                00162         extern  _WDTCON
  0000                00163         extern  _HLVDCON
  0000                00164         extern  _LVDCON
  0000                00165         extern  _OSCCON
  0000                00166         extern  _T0CON
  0000                00167         extern  _TMR0
  0000                00168         extern  _TMR0L
  0000                00169         extern  _TMR0H
  0000                00170         extern  _STATUS
  0000                00171         extern  _FSR2L
  0000                00172         extern  _FSR2H
  0000                00173         extern  _PLUSW2
  0000                00174         extern  _PREINC2
  0000                00175         extern  _POSTDEC2
  0000                00176         extern  _POSTINC2
  0000                00177         extern  _INDF2
  0000                00178         extern  _BSR
  0000                00179         extern  _FSR1L
  0000                00180         extern  _FSR1H
  0000                00181         extern  _PLUSW1
  0000                00182         extern  _PREINC1
  0000                00183         extern  _POSTDEC1
  0000                00184         extern  _POSTINC1
  0000                00185         extern  _INDF1
  0000                00186         extern  _WREG
  0000                00187         extern  _FSR0L
  0000                00188         extern  _FSR0H
  0000                00189         extern  _PLUSW0
  0000                00190         extern  _PREINC0
  0000                00191         extern  _POSTDEC0
  0000                00192         extern  _POSTINC0
  0000                00193         extern  _INDF0
  0000                00194         extern  _INTCON3
  0000                00195         extern  _INTCON2
  0000                00196         extern  _INTCON
  0000                00197         extern  _PROD
  0000                00198         extern  _PRODL
  0000                00199         extern  _PRODH
  0000                00200         extern  _TABLAT
  0000                00201         extern  _TBLPTR
  0000                00202         extern  _TBLPTRL
  0000                00203         extern  _TBLPTRH
  0000                00204         extern  _TBLPTRU
  0000                00205         extern  _PC
  0000                00206         extern  _PCL
  0000                00207         extern  _PCLATH
  0000                00208         extern  _PCLATU
  0000                00209         extern  _STKPTR
  0000                00210         extern  _TOS
  0000                00211         extern  _TOSL
  0000                00212         extern  _TOSH
gpasm-1.4.0 #1107 (May  9 2015) build/sdcc/pr   12-2-2016  22:31:28         PAGE  5


LOC    OBJECT CODE    LINE  SOURCE TEXT
  VALUE

  0000                00213         extern  _TOSU
  0000                00214         extern  _ultoa
  0000                00215         extern  _delay
  0000                00216         extern  __mullong
  0000                00217         extern  __divulong
                      00218 
                      00219 ;--------------------------------------------------------
                      00220 ;       Equates to used internal registers
                      00221 ;--------------------------------------------------------
  00000FD8            00222 STATUS  equ     0xfd8
  00000FE8            00223 WREG    equ     0xfe8
  00000FE9            00224 FSR0L   equ     0xfe9
  00000FE1            00225 FSR1L   equ     0xfe1
  00000FE2            00226 FSR1H   equ     0xfe2
  00000FD9            00227 FSR2L   equ     0xfd9
  00000FDA            00228 FSR2H   equ     0xfda
  00000FE6            00229 POSTINC1        equ     0xfe6
  00000FE5            00230 POSTDEC1        equ     0xfe5
  00000FE4            00231 PREINC1 equ     0xfe4
  00000FDB            00232 PLUSW2  equ     0xfdb
  00000FF3            00233 PRODL   equ     0xff3
  00000FF4            00234 PRODH   equ     0xff4
                      00235 
                      00236 
                      00237 ; Internal registers
                      00238 .registers      udata_ovr       0x0000
000000                00239 r0x00   res     1
000001                00240 r0x01   res     1
000002                00241 r0x02   res     1
000003                00242 r0x03   res     1
000004                00243 r0x04   res     1
000005                00244 r0x05   res     1
000006                00245 r0x06   res     1
000007                00246 r0x07   res     1
                      00247 
                      00248 udata_serial_0  udata
000000                00249 _buff   res     10
                      00250 
                      00251 ;--------------------------------------------------------
                      00252 ; global & static initialisations
                      00253 ;--------------------------------------------------------
                      00254 ; I code from now on!
                      00255 ; ; Starting pCode block
                      00256 S_serial__itoa_ code
000000                00257 _itoa_:
                      00258 ;       .line   106; serial.c   const char * itoa_(uint32_t val)
000000 CFDA FFE5      00259         MOVFF   FSR2H, POSTDEC1
000004 CFD9 FFE5      00260         MOVFF   FSR2L, POSTDEC1
000008 CFE2 FFDA      00261         MOVFF   FSR1H, FSR2H
00000C CFE1 FFD9      00262         MOVFF   FSR1L, FSR2L
000010 C??? F???      00263         MOVFF   r0x00, POSTDEC1
000014 C??? F???      00264         MOVFF   r0x01, POSTDEC1
000018 C??? F???      00265         MOVFF   r0x02, POSTDEC1
gpasm-1.4.0 #1107 (May  9 2015) build/sdcc/pr   12-2-2016  22:31:28         PAGE  6


LOC    OBJECT CODE    LINE  SOURCE TEXT
  VALUE

00001C C??? F???      00266         MOVFF   r0x03, POSTDEC1
000020 0E03           00267         MOVLW   0x03
000022 CFDB F000      00268         MOVFF   PLUSW2, r0x00
000026 0E04           00269         MOVLW   0x04
000028 CFDB F000      00270         MOVFF   PLUSW2, r0x01
00002C 0E05           00271         MOVLW   0x05
00002E CFDB F000      00272         MOVFF   PLUSW2, r0x02
000032 0E06           00273         MOVLW   0x06
000034 CFDB F000      00274         MOVFF   PLUSW2, r0x03
                      00275 ;       .line   111; serial.c   ultoa(val,buff,10);
000038 0E0A           00276         MOVLW   0x0a
Message[1301]: Using default destination of 0 (Access Bank).
00003A 6EE5           00277         MOVWF   POSTDEC1
00003C 0E??           00278         MOVLW   HIGH(_buff)
Message[1301]: Using default destination of 0 (Access Bank).
00003E 6EE5           00279         MOVWF   POSTDEC1
000040 0E??           00280         MOVLW   LOW(_buff)
Message[1301]: Using default destination of 0 (Access Bank).
000042 6EE5           00281         MOVWF   POSTDEC1
000044 50??           00282         MOVF    r0x03, W
Message[1301]: Using default destination of 0 (Access Bank).
000046 6EE5           00283         MOVWF   POSTDEC1
000048 50??           00284         MOVF    r0x02, W
Message[1301]: Using default destination of 0 (Access Bank).
00004A 6EE5           00285         MOVWF   POSTDEC1
00004C 50??           00286         MOVF    r0x01, W
Message[1301]: Using default destination of 0 (Access Bank).
00004E 6EE5           00287         MOVWF   POSTDEC1
000050 50??           00288         MOVF    r0x00, W
Message[1301]: Using default destination of 0 (Access Bank).
000052 6EE5           00289         MOVWF   POSTDEC1
000054 EC?? F0??      00290         CALL    _ultoa
000058 0E07           00291         MOVLW   0x07
00005A 26E1           00292         ADDWF   FSR1L, F
00005C B0D8           00293         BTFSC   STATUS, 0
00005E 2AE2           00294         INCF    FSR1H, F
                      00295 ;       .line   113; serial.c   return buff;    
000060 0E??           00296         MOVLW   HIGH(_buff)
Message[1301]: Using default destination of 0 (Access Bank).
000062 6E??           00297         MOVWF   r0x01
000064 0E??           00298         MOVLW   LOW(_buff)
Message[1301]: Using default destination of 0 (Access Bank).
000066 6E??           00299         MOVWF   r0x00
000068 0E80           00300         MOVLW   0x80
Message[1301]: Using default destination of 0 (Access Bank).
00006A 6E??           00301         MOVWF   r0x02
00006C C??? F???      00302         MOVFF   r0x02, PRODH
000070 C??? F???      00303         MOVFF   r0x01, PRODL
000074 50??           00304         MOVF    r0x00, W
000076 CFE4 F000      00305         MOVFF   PREINC1, r0x03
00007A CFE4 F000      00306         MOVFF   PREINC1, r0x02
00007E CFE4 F000      00307         MOVFF   PREINC1, r0x01
000082 CFE4 F000      00308         MOVFF   PREINC1, r0x00
gpasm-1.4.0 #1107 (May  9 2015) build/sdcc/pr   12-2-2016  22:31:28         PAGE  7


LOC    OBJECT CODE    LINE  SOURCE TEXT
  VALUE

000086 CFE4 FFD9      00309         MOVFF   PREINC1, FSR2L
00008A CFE4 FFDA      00310         MOVFF   PREINC1, FSR2H
00008E 0012           00311         RETURN  
                      00312 
                      00313 ; ; Starting pCode block
                      00314 S_serial__Serial_rx     code
000000                00315 _Serial_rx:
                      00316 ;       .line   82; serial.c    unsigned char Serial_rx(unsigned int timeout)
000000 CFDA FFE5      00317         MOVFF   FSR2H, POSTDEC1
000004 CFD9 FFE5      00318         MOVFF   FSR2L, POSTDEC1
000008 CFE2 FFDA      00319         MOVFF   FSR1H, FSR2H
00000C CFE1 FFD9      00320         MOVFF   FSR1L, FSR2L
000010 C??? F???      00321         MOVFF   r0x00, POSTDEC1
000014 C??? F???      00322         MOVFF   r0x01, POSTDEC1
000018 C??? F???      00323         MOVFF   r0x02, POSTDEC1
00001C C??? F???      00324         MOVFF   r0x03, POSTDEC1
000020 0E03           00325         MOVLW   0x03
000022 CFDB F000      00326         MOVFF   PLUSW2, r0x00
000026 0E04           00327         MOVLW   0x04
000028 CFDB F000      00328         MOVFF   PLUSW2, r0x01
                      00329 ;       .line   86; serial.c    if(RCSTAbits.FERR || RCSTAbits.OERR)//trata erro
00002C B4??           00330         BTFSC   _RCSTAbits, 2
00002E D???           00331         BRA     _00131_DS_
000030 A2??           00332         BTFSS   _RCSTAbits, 1
000032 D???           00333         BRA     _00147_DS_
000034                00334 _00131_DS_:
                      00335 ;       .line   88; serial.c    RCSTAbits.CREN=0;
000034 98??           00336         BCF     _RCSTAbits, 4
                      00337 ;       .line   89; serial.c    RCSTAbits.CREN=1;
000036 88??           00338         BSF     _RCSTAbits, 4
000038                00339 _00147_DS_:
                      00340 ;       .line   92; serial.c    while(((to < timeout)||(!timeout))&&(!PIR1bits.RCIF))
Message[1301]: Using default destination of 0 (Access Bank).
000038 6A??           00341         CLRF    r0x02
Message[1301]: Using default destination of 0 (Access Bank).
00003A 6A??           00342         CLRF    r0x03
00003C                00343 _00136_DS_:
00003C 50??           00344         MOVF    r0x01, W
00003E 5C??           00345         SUBWF   r0x03, W
000040 E1??           00346         BNZ     _00160_DS_
000042 50??           00347         MOVF    r0x00, W
000044 5C??           00348         SUBWF   r0x02, W
000046                00349 _00160_DS_:
000046 E3??           00350         BNC     _00135_DS_
000048 50??           00351         MOVF    r0x00, W
00004A 10??           00352         IORWF   r0x01, W
00004C E1??           00353         BNZ     _00138_DS_
00004E                00354 _00135_DS_:
00004E BA??           00355         BTFSC   _PIR1bits, 5
000050 D???           00356         BRA     _00138_DS_
                      00357 ;       .line   94; serial.c    delay(20);
000052 0E00           00358         MOVLW   0x00
Message[1301]: Using default destination of 0 (Access Bank).
gpasm-1.4.0 #1107 (May  9 2015) build/sdcc/pr   12-2-2016  22:31:28         PAGE  8


LOC    OBJECT CODE    LINE  SOURCE TEXT
  VALUE

000054 6EE5           00359         MOVWF   POSTDEC1
000056 0E14           00360         MOVLW   0x14
Message[1301]: Using default destination of 0 (Access Bank).
000058 6EE5           00361         MOVWF   POSTDEC1
00005A EC?? F0??      00362         CALL    _delay
00005E 52E6           00363         MOVF    POSTINC1, F
000060 52E6           00364         MOVF    POSTINC1, F
                      00365 ;       .line   95; serial.c    to+=20; 
000062 0E14           00366         MOVLW   0x14
000064 26??           00367         ADDWF   r0x02, F
000066 B0D8           00368         BTFSC   STATUS, 0
000068 2A??           00369         INCF    r0x03, F
00006A D???           00370         BRA     _00136_DS_
00006C                00371 _00138_DS_:
                      00372 ;       .line   97; serial.c    if(PIR1bits.RCIF)
00006C AA??           00373         BTFSS   _PIR1bits, 5
00006E D???           00374         BRA     _00140_DS_
                      00375 ;       .line   98; serial.c    return RCREG;
000070 50??           00376         MOVF    _RCREG, W
000072 D???           00377         BRA     _00142_DS_
000074                00378 _00140_DS_:
                      00379 ;       .line   100; serial.c   return 0xA5;
000074 0EA5           00380         MOVLW   0xa5
000076                00381 _00142_DS_:
000076 CFE4 F000      00382         MOVFF   PREINC1, r0x03
00007A CFE4 F000      00383         MOVFF   PREINC1, r0x02
00007E CFE4 F000      00384         MOVFF   PREINC1, r0x01
000082 CFE4 F000      00385         MOVFF   PREINC1, r0x00
000086 CFE4 FFD9      00386         MOVFF   PREINC1, FSR2L
00008A CFE4 FFDA      00387         MOVFF   PREINC1, FSR2H
00008E 0012           00388         RETURN  
                      00389 
                      00390 ; ; Starting pCode block
                      00391 S_serial__Serial_println        code
000000                00392 _Serial_println:
                      00393 ;       .line   76; serial.c    void Serial_println(const char* val)
000000 CFDA FFE5      00394         MOVFF   FSR2H, POSTDEC1
000004 CFD9 FFE5      00395         MOVFF   FSR2L, POSTDEC1
000008 CFE2 FFDA      00396         MOVFF   FSR1H, FSR2H
00000C CFE1 FFD9      00397         MOVFF   FSR1L, FSR2L
000010 C??? F???      00398         MOVFF   r0x00, POSTDEC1
000014 C??? F???      00399         MOVFF   r0x01, POSTDEC1
000018 C??? F???      00400         MOVFF   r0x02, POSTDEC1
00001C 0E03           00401         MOVLW   0x03
00001E CFDB F000      00402         MOVFF   PLUSW2, r0x00
000022 0E04           00403         MOVLW   0x04
000024 CFDB F000      00404         MOVFF   PLUSW2, r0x01
000028 0E05           00405         MOVLW   0x05
00002A CFDB F000      00406         MOVFF   PLUSW2, r0x02
                      00407 ;       .line   78; serial.c    Serial_print(val);
00002E 50??           00408         MOVF    r0x02, W
Message[1301]: Using default destination of 0 (Access Bank).
000030 6EE5           00409         MOVWF   POSTDEC1
gpasm-1.4.0 #1107 (May  9 2015) build/sdcc/pr   12-2-2016  22:31:28         PAGE  9


LOC    OBJECT CODE    LINE  SOURCE TEXT
  VALUE

000032 50??           00410         MOVF    r0x01, W
Message[1301]: Using default destination of 0 (Access Bank).
000034 6EE5           00411         MOVWF   POSTDEC1
000036 50??           00412         MOVF    r0x00, W
Message[1301]: Using default destination of 0 (Access Bank).
000038 6EE5           00413         MOVWF   POSTDEC1
00003A EC?? F0??      00414         CALL    _Serial_print
00003E 0E03           00415         MOVLW   0x03
000040 26E1           00416         ADDWF   FSR1L, F
000042 B0D8           00417         BTFSC   STATUS, 0
000044 2AE2           00418         INCF    FSR1H, F
                      00419 ;       .line   79; serial.c    Serial_print("\r\n");
000046 0E??           00420         MOVLW   UPPER(___str_0)
Message[1301]: Using default destination of 0 (Access Bank).
000048 6E??           00421         MOVWF   r0x02
00004A 0E??           00422         MOVLW   HIGH(___str_0)
Message[1301]: Using default destination of 0 (Access Bank).
00004C 6E??           00423         MOVWF   r0x01
00004E 0E??           00424         MOVLW   LOW(___str_0)
Message[1301]: Using default destination of 0 (Access Bank).
000050 6E??           00425         MOVWF   r0x00
000052 50??           00426         MOVF    r0x02, W
Message[1301]: Using default destination of 0 (Access Bank).
000054 6EE5           00427         MOVWF   POSTDEC1
000056 50??           00428         MOVF    r0x01, W
Message[1301]: Using default destination of 0 (Access Bank).
000058 6EE5           00429         MOVWF   POSTDEC1
00005A 50??           00430         MOVF    r0x00, W
Message[1301]: Using default destination of 0 (Access Bank).
00005C 6EE5           00431         MOVWF   POSTDEC1
00005E EC?? F0??      00432         CALL    _Serial_print
000062 0E03           00433         MOVLW   0x03
000064 26E1           00434         ADDWF   FSR1L, F
000066 B0D8           00435         BTFSC   STATUS, 0
000068 2AE2           00436         INCF    FSR1H, F
00006A CFE4 F000      00437         MOVFF   PREINC1, r0x02
00006E CFE4 F000      00438         MOVFF   PREINC1, r0x01
000072 CFE4 F000      00439         MOVFF   PREINC1, r0x00
000076 CFE4 FFD9      00440         MOVFF   PREINC1, FSR2L
00007A CFE4 FFDA      00441         MOVFF   PREINC1, FSR2H
00007E 0012           00442         RETURN  
                      00443 
                      00444 ; ; Starting pCode block
                      00445 S_serial__Serial_print  code
000000                00446 _Serial_print:
                      00447 ;       .line   65; serial.c    void Serial_print(const char* val)
000000 CFDA FFE5      00448         MOVFF   FSR2H, POSTDEC1
000004 CFD9 FFE5      00449         MOVFF   FSR2L, POSTDEC1
000008 CFE2 FFDA      00450         MOVFF   FSR1H, FSR2H
00000C CFE1 FFD9      00451         MOVFF   FSR1L, FSR2L
000010 C??? F???      00452         MOVFF   r0x00, POSTDEC1
000014 C??? F???      00453         MOVFF   r0x01, POSTDEC1
000018 C??? F???      00454         MOVFF   r0x02, POSTDEC1
gpasm-1.4.0 #1107 (May  9 2015) build/sdcc/pr   12-2-2016  22:31:28         PAGE 10


LOC    OBJECT CODE    LINE  SOURCE TEXT
  VALUE

00001C C??? F???      00455         MOVFF   r0x03, POSTDEC1
000020 C??? F???      00456         MOVFF   r0x04, POSTDEC1
000024 C??? F???      00457         MOVFF   r0x05, POSTDEC1
000028 C??? F???      00458         MOVFF   r0x06, POSTDEC1
00002C C??? F???      00459         MOVFF   r0x07, POSTDEC1
000030 0E03           00460         MOVLW   0x03
000032 CFDB F000      00461         MOVFF   PLUSW2, r0x00
000036 0E04           00462         MOVLW   0x04
000038 CFDB F000      00463         MOVFF   PLUSW2, r0x01
00003C 0E05           00464         MOVLW   0x05
00003E CFDB F000      00465         MOVFF   PLUSW2, r0x02
                      00466 ;       .line   69; serial.c    while(val[i])
Message[1301]: Using default destination of 0 (Access Bank).
000042 6A??           00467         CLRF    r0x03
Message[1301]: Using default destination of 0 (Access Bank).
000044 6A??           00468         CLRF    r0x04
000046                00469 _00118_DS_:
000046 50??           00470         MOVF    r0x03, W
000048 24??           00471         ADDWF   r0x00, W
Message[1301]: Using default destination of 0 (Access Bank).
00004A 6E??           00472         MOVWF   r0x05
00004C 50??           00473         MOVF    r0x04, W
00004E 20??           00474         ADDWFC  r0x01, W
Message[1301]: Using default destination of 0 (Access Bank).
000050 6E??           00475         MOVWF   r0x06
Message[1301]: Using default destination of 0 (Access Bank).
000052 6AE8           00476         CLRF    WREG
000054 20??           00477         ADDWFC  r0x02, W
Message[1301]: Using default destination of 0 (Access Bank).
000056 6E??           00478         MOVWF   r0x07
000058 C??? F???      00479         MOVFF   r0x05, FSR0L
00005C C??? F???      00480         MOVFF   r0x06, PRODL
000060 50??           00481         MOVF    r0x07, W
000062 EC?? F0??      00482         CALL    __gptrget1
Message[1301]: Using default destination of 0 (Access Bank).
000066 6E??           00483         MOVWF   r0x05
000068 50??           00484         MOVF    r0x05, W
00006A E0??           00485         BZ      _00121_DS_
                      00486 ;       .line   71; serial.c    Serial_tx(val[i]);
00006C 50??           00487         MOVF    r0x05, W
Message[1301]: Using default destination of 0 (Access Bank).
00006E 6EE5           00488         MOVWF   POSTDEC1
000070 EC?? F0??      00489         CALL    _Serial_tx
000074 52E6           00490         MOVF    POSTINC1, F
                      00491 ;       .line   72; serial.c    i++; 
000076 4A??           00492         INFSNZ  r0x03, F
000078 2A??           00493         INCF    r0x04, F
00007A D???           00494         BRA     _00118_DS_
00007C                00495 _00121_DS_:
00007C CFE4 F000      00496         MOVFF   PREINC1, r0x07
000080 CFE4 F000      00497         MOVFF   PREINC1, r0x06
000084 CFE4 F000      00498         MOVFF   PREINC1, r0x05
000088 CFE4 F000      00499         MOVFF   PREINC1, r0x04
gpasm-1.4.0 #1107 (May  9 2015) build/sdcc/pr   12-2-2016  22:31:28         PAGE 11


LOC    OBJECT CODE    LINE  SOURCE TEXT
  VALUE

00008C CFE4 F000      00500         MOVFF   PREINC1, r0x03
000090 CFE4 F000      00501         MOVFF   PREINC1, r0x02
000094 CFE4 F000      00502         MOVFF   PREINC1, r0x01
000098 CFE4 F000      00503         MOVFF   PREINC1, r0x00
00009C CFE4 FFD9      00504         MOVFF   PREINC1, FSR2L
0000A0 CFE4 FFDA      00505         MOVFF   PREINC1, FSR2H
0000A4 0012           00506         RETURN  
                      00507 
                      00508 ; ; Starting pCode block
                      00509 S_serial__Serial_tx     code
000000                00510 _Serial_tx:
                      00511 ;       .line   59; serial.c    void Serial_tx(const unsigned char val)
000000 CFDA FFE5      00512         MOVFF   FSR2H, POSTDEC1
000004 CFD9 FFE5      00513         MOVFF   FSR2L, POSTDEC1
000008 CFE2 FFDA      00514         MOVFF   FSR1H, FSR2H
00000C CFE1 FFD9      00515         MOVFF   FSR1L, FSR2L
000010 0E03           00516         MOVLW   0x03
000012 CFDB F000      00517         MOVFF   PLUSW2, _TXREG
000016                00518 _00110_DS_:
                      00519 ;       .line   62; serial.c    while(!TXSTAbits.TRMT);
000016 A2??           00520         BTFSS   _TXSTAbits, 1
000018 D???           00521         BRA     _00110_DS_
00001A CFE4 FFD9      00522         MOVFF   PREINC1, FSR2L
00001E CFE4 FFDA      00523         MOVFF   PREINC1, FSR2H
000022 0012           00524         RETURN  
                      00525 
                      00526 ; ; Starting pCode block
                      00527 S_serial__Serial_begin  code
000000                00528 _Serial_begin:
                      00529 ;       .line   31; serial.c    void Serial_begin(unsigned long baud)
000000 CFDA FFE5      00530         MOVFF   FSR2H, POSTDEC1
000004 CFD9 FFE5      00531         MOVFF   FSR2L, POSTDEC1
000008 CFE2 FFDA      00532         MOVFF   FSR1H, FSR2H
00000C CFE1 FFD9      00533         MOVFF   FSR1L, FSR2L
000010 C??? F???      00534         MOVFF   r0x00, POSTDEC1
000014 C??? F???      00535         MOVFF   r0x01, POSTDEC1
000018 C??? F???      00536         MOVFF   r0x02, POSTDEC1
00001C C??? F???      00537         MOVFF   r0x03, POSTDEC1
000020 C??? F???      00538         MOVFF   r0x04, POSTDEC1
000024 C??? F???      00539         MOVFF   r0x05, POSTDEC1
000028 C??? F???      00540         MOVFF   r0x06, POSTDEC1
00002C C??? F???      00541         MOVFF   r0x07, POSTDEC1
000030 0E03           00542         MOVLW   0x03
000032 CFDB F000      00543         MOVFF   PLUSW2, r0x00
000036 0E04           00544         MOVLW   0x04
000038 CFDB F000      00545         MOVFF   PLUSW2, r0x01
00003C 0E05           00546         MOVLW   0x05
00003E CFDB F000      00547         MOVFF   PLUSW2, r0x02
000042 0E06           00548         MOVLW   0x06
000044 CFDB F000      00549         MOVFF   PLUSW2, r0x03
                      00550 ;       .line   33; serial.c    TRISCbits.TRISC6=1;
000048 8C??           00551         BSF     _TRISCbits, 6
                      00552 ;       .line   34; serial.c    TRISCbits.TRISC7=1;
gpasm-1.4.0 #1107 (May  9 2015) build/sdcc/pr   12-2-2016  22:31:28         PAGE 12


LOC    OBJECT CODE    LINE  SOURCE TEXT
  VALUE

00004A 8E??           00553         BSF     _TRISCbits, 7
                      00554 ;       .line   36; serial.c    baud=((_XTAL_FREQ/(4*baud))-1);
00004C 50??           00555         MOVF    r0x03, W
Message[1301]: Using default destination of 0 (Access Bank).
00004E 6EE5           00556         MOVWF   POSTDEC1
000050 50??           00557         MOVF    r0x02, W
Message[1301]: Using default destination of 0 (Access Bank).
000052 6EE5           00558         MOVWF   POSTDEC1
000054 50??           00559         MOVF    r0x01, W
Message[1301]: Using default destination of 0 (Access Bank).
000056 6EE5           00560         MOVWF   POSTDEC1
000058 50??           00561         MOVF    r0x00, W
Message[1301]: Using default destination of 0 (Access Bank).
00005A 6EE5           00562         MOVWF   POSTDEC1
00005C 0E00           00563         MOVLW   0x00
Message[1301]: Using default destination of 0 (Access Bank).
00005E 6EE5           00564         MOVWF   POSTDEC1
000060 0E00           00565         MOVLW   0x00
Message[1301]: Using default destination of 0 (Access Bank).
000062 6EE5           00566         MOVWF   POSTDEC1
000064 0E00           00567         MOVLW   0x00
Message[1301]: Using default destination of 0 (Access Bank).
000066 6EE5           00568         MOVWF   POSTDEC1
000068 0E04           00569         MOVLW   0x04
Message[1301]: Using default destination of 0 (Access Bank).
00006A 6EE5           00570         MOVWF   POSTDEC1
00006C EC?? F0??      00571         CALL    __mullong
Message[1301]: Using default destination of 0 (Access Bank).
000070 6E??           00572         MOVWF   r0x04
000072 CFF3 F000      00573         MOVFF   PRODL, r0x05
000076 CFF4 F000      00574         MOVFF   PRODH, r0x06
00007A CFE9 F000      00575         MOVFF   FSR0L, r0x07
00007E 0E08           00576         MOVLW   0x08
000080 26E1           00577         ADDWF   FSR1L, F
000082 B0D8           00578         BTFSC   STATUS, 0
000084 2AE2           00579         INCF    FSR1H, F
000086 50??           00580         MOVF    r0x07, W
Message[1301]: Using default destination of 0 (Access Bank).
000088 6EE5           00581         MOVWF   POSTDEC1
00008A 50??           00582         MOVF    r0x06, W
Message[1301]: Using default destination of 0 (Access Bank).
00008C 6EE5           00583         MOVWF   POSTDEC1
00008E 50??           00584         MOVF    r0x05, W
Message[1301]: Using default destination of 0 (Access Bank).
000090 6EE5           00585         MOVWF   POSTDEC1
000092 50??           00586         MOVF    r0x04, W
Message[1301]: Using default destination of 0 (Access Bank).
000094 6EE5           00587         MOVWF   POSTDEC1
000096 0E01           00588         MOVLW   0x01
Message[1301]: Using default destination of 0 (Access Bank).
000098 6EE5           00589         MOVWF   POSTDEC1
00009A 0EE8           00590         MOVLW   0xe8
Message[1301]: Using default destination of 0 (Access Bank).
gpasm-1.4.0 #1107 (May  9 2015) build/sdcc/pr   12-2-2016  22:31:28         PAGE 13


LOC    OBJECT CODE    LINE  SOURCE TEXT
  VALUE

00009C 6EE5           00591         MOVWF   POSTDEC1
00009E 0E48           00592         MOVLW   0x48
Message[1301]: Using default destination of 0 (Access Bank).
0000A0 6EE5           00593         MOVWF   POSTDEC1
0000A2 0E00           00594         MOVLW   0x00
Message[1301]: Using default destination of 0 (Access Bank).
0000A4 6EE5           00595         MOVWF   POSTDEC1
0000A6 EC?? F0??      00596         CALL    __divulong
Message[1301]: Using default destination of 0 (Access Bank).
0000AA 6E??           00597         MOVWF   r0x04
0000AC CFF3 F000      00598         MOVFF   PRODL, r0x05
0000B0 CFF4 F000      00599         MOVFF   PRODH, r0x06
0000B4 CFE9 F000      00600         MOVFF   FSR0L, r0x07
0000B8 0E08           00601         MOVLW   0x08
0000BA 26E1           00602         ADDWF   FSR1L, F
0000BC B0D8           00603         BTFSC   STATUS, 0
0000BE 2AE2           00604         INCF    FSR1H, F
0000C0 50??           00605         MOVF    r0x04, W
0000C2 0FFF           00606         ADDLW   0xff
Message[1301]: Using default destination of 0 (Access Bank).
0000C4 6E??           00607         MOVWF   r0x00
0000C6 0EFF           00608         MOVLW   0xff
0000C8 20??           00609         ADDWFC  r0x05, W
Message[1301]: Using default destination of 0 (Access Bank).
0000CA 6E??           00610         MOVWF   r0x01
0000CC 0EFF           00611         MOVLW   0xff
0000CE 20??           00612         ADDWFC  r0x06, W
Message[1301]: Using default destination of 0 (Access Bank).
0000D0 6E??           00613         MOVWF   r0x02
0000D2 0EFF           00614         MOVLW   0xff
0000D4 20??           00615         ADDWFC  r0x07, W
Message[1301]: Using default destination of 0 (Access Bank).
0000D6 6E??           00616         MOVWF   r0x03
                      00617 ;       .line   42; serial.c    SPBRG= (0x00FF & baud); //baud rate de 115200 - 32MHz
0000D8 50??           00618         MOVF    r0x00, W
Message[1301]: Using default destination of 0 (Access Bank).
0000DA 6E??           00619         MOVWF   r0x04
Message[1301]: Using default destination of 0 (Access Bank).
0000DC 6A??           00620         CLRF    r0x05
Message[1301]: Using default destination of 0 (Access Bank).
0000DE 6A??           00621         CLRF    r0x06
Message[1301]: Using default destination of 0 (Access Bank).
0000E0 6A??           00622         CLRF    r0x07
0000E2 50??           00623         MOVF    r0x04, W
Message[1301]: Using default destination of 0 (Access Bank).
0000E4 6E??           00624         MOVWF   _SPBRG
                      00625 ;       .line   43; serial.c    SPBRGH=(0xFF00 & baud)>>8; 
Message[1301]: Using default destination of 0 (Access Bank).
0000E6 6A??           00626         CLRF    r0x00
Message[1301]: Using default destination of 0 (Access Bank).
0000E8 6A??           00627         CLRF    r0x02
Message[1301]: Using default destination of 0 (Access Bank).
0000EA 6A??           00628         CLRF    r0x03
gpasm-1.4.0 #1107 (May  9 2015) build/sdcc/pr   12-2-2016  22:31:28         PAGE 14


LOC    OBJECT CODE    LINE  SOURCE TEXT
  VALUE

0000EC 50??           00629         MOVF    r0x01, W
Message[1301]: Using default destination of 0 (Access Bank).
0000EE 6E??           00630         MOVWF   r0x00
0000F0 50??           00631         MOVF    r0x02, W
Message[1301]: Using default destination of 0 (Access Bank).
0000F2 6E??           00632         MOVWF   r0x01
0000F4 50??           00633         MOVF    r0x03, W
Message[1301]: Using default destination of 0 (Access Bank).
0000F6 6E??           00634         MOVWF   r0x02
Message[1301]: Using default destination of 0 (Access Bank).
0000F8 6A??           00635         CLRF    r0x03
0000FA 50??           00636         MOVF    r0x00, W
Message[1301]: Using default destination of 0 (Access Bank).
0000FC 6E??           00637         MOVWF   _SPBRGH
                      00638 ;       .line   46; serial.c    TXSTAbits.TX9=0;    //transmissao em 8 bits
0000FE 9C??           00639         BCF     _TXSTAbits, 6
                      00640 ;       .line   47; serial.c    TXSTAbits.SYNC=0;  //modo assincrono
000100 98??           00641         BCF     _TXSTAbits, 4
                      00642 ;       .line   48; serial.c    TXSTAbits.BRGH=1;  //high baud rate
000102 84??           00643         BSF     _TXSTAbits, 2
                      00644 ;       .line   49; serial.c    BAUDCONbits.BRG16=1; //16 bits baud rate
000104 86??           00645         BSF     _BAUDCONbits, 3
                      00646 ;       .line   50; serial.c    RCSTAbits.RX9=0;   //recepcao em 8 bits
000106 9C??           00647         BCF     _RCSTAbits, 6
                      00648 ;       .line   51; serial.c    RCSTAbits.CREN=1;  //recepcao continua
000108 88??           00649         BSF     _RCSTAbits, 4
                      00650 ;       .line   52; serial.c    TXSTAbits.TXEN=1;  //habilita transmissao
00010A 8A??           00651         BSF     _TXSTAbits, 5
                      00652 ;       .line   53; serial.c    RCSTAbits.SPEN=1;  //habilita porta serial - rx
00010C 8E??           00653         BSF     _RCSTAbits, 7
00010E CFE4 F000      00654         MOVFF   PREINC1, r0x07
000112 CFE4 F000      00655         MOVFF   PREINC1, r0x06
000116 CFE4 F000      00656         MOVFF   PREINC1, r0x05
00011A CFE4 F000      00657         MOVFF   PREINC1, r0x04
00011E CFE4 F000      00658         MOVFF   PREINC1, r0x03
000122 CFE4 F000      00659         MOVFF   PREINC1, r0x02
000126 CFE4 F000      00660         MOVFF   PREINC1, r0x01
00012A CFE4 F000      00661         MOVFF   PREINC1, r0x00
00012E CFE4 FFD9      00662         MOVFF   PREINC1, FSR2L
000132 CFE4 FFDA      00663         MOVFF   PREINC1, FSR2H
000136 0012           00664         RETURN  
                      00665 
                      00666 ; ; Starting pCode block
000138                00667 ___str_0:
000138 0A0D 0000      00668         DB      0x0d, 0x0a, 0x00
                      00669 
                      00670 
                      00671 ; Statistics:
                      00672 ; code size:      932 (0x03a4) bytes ( 0.71%)
                      00673 ;                 466 (0x01d2) words
                      00674 ; udata size:      10 (0x000a) bytes ( 0.26%)
                      00675 ; access size:      8 (0x0008) bytes
                      00676 
gpasm-1.4.0 #1107 (May  9 2015) build/sdcc/pr   12-2-2016  22:31:28         PAGE 15


LOC    OBJECT CODE    LINE  SOURCE TEXT
  VALUE

                      00677 
                      00678         end
gpasm-1.4.0 #1107 (May  9 2015) build/sdcc/pr   12-2-2016  22:31:28         PAGE 16


SYMBOL TABLE
  LABEL                             VALUE

FSR0L                             00000FE9
FSR1H                             00000FE2
FSR1L                             00000FE1
FSR2H                             00000FDA
FSR2L                             00000FD9
PLUSW2                            00000FDB
POSTDEC1                          00000FE5
POSTINC1                          00000FE6
PREINC1                           00000FE4
PRODH                             00000FF4
PRODL                             00000FF3
STATUS                            00000FD8
WREG                              00000FE8
_00110_DS_                        00000016
_00118_DS_                        00000046
_00121_DS_                        0000007C
_00131_DS_                        00000034
_00135_DS_                        0000004E
_00136_DS_                        0000003C
_00138_DS_                        0000006C
_00140_DS_                        00000074
_00142_DS_                        00000076
_00147_DS_                        00000038
_00160_DS_                        00000046
_ADCON0                           00000000
_ADCON0bits                       00000000
_ADCON1                           00000000
_ADCON1bits                       00000000
_ADCON2                           00000000
_ADCON2bits                       00000000
_ADRES                            00000000
_ADRESH                           00000000
_ADRESL                           00000000
_BAUDCON                          00000000
_BAUDCONbits                      00000000
_BAUDCTL                          00000000
_BAUDCTLbits                      00000000
_BSR                              00000000
_CCP1CON                          00000000
_CCP1CONbits                      00000000
_CCP2CON                          00000000
_CCP2CONbits                      00000000
_CCPR1                            00000000
_CCPR1H                           00000000
_CCPR1L                           00000000
_CCPR2                            00000000
_CCPR2H                           00000000
_CCPR2L                           00000000
_CMCON                            00000000
_CMCONbits                        00000000
_CVRCON                           00000000
_CVRCONbits                       00000000
_DDRA                             00000000
gpasm-1.4.0 #1107 (May  9 2015) build/sdcc/pr   12-2-2016  22:31:28         PAGE 17


SYMBOL TABLE
  LABEL                             VALUE 

_DDRAbits                         00000000
_DDRB                             00000000
_DDRBbits                         00000000
_DDRC                             00000000
_DDRCbits                         00000000
_DDRD                             00000000
_DDRDbits                         00000000
_DDRE                             00000000
_DDREbits                         00000000
_ECCP1AS                          00000000
_ECCP1ASbits                      00000000
_EEADR                            00000000
_EEADRH                           00000000
_EECON1                           00000000
_EECON1bits                       00000000
_EECON2                           00000000
_EEDATA                           00000000
_FSR0H                            00000000
_FSR0L                            00000000
_FSR1H                            00000000
_FSR1L                            00000000
_FSR2H                            00000000
_FSR2L                            00000000
_HLVDCON                          00000000
_HLVDCONbits                      00000000
_INDF0                            00000000
_INDF1                            00000000
_INDF2                            00000000
_INTCON                           00000000
_INTCON2                          00000000
_INTCON2bits                      00000000
_INTCON3                          00000000
_INTCON3bits                      00000000
_INTCONbits                       00000000
_IPR1                             00000000
_IPR1bits                         00000000
_IPR2                             00000000
_IPR2bits                         00000000
_LATA                             00000000
_LATAbits                         00000000
_LATB                             00000000
_LATBbits                         00000000
_LATC                             00000000
_LATCbits                         00000000
_LATD                             00000000
_LATDbits                         00000000
_LATE                             00000000
_LATEbits                         00000000
_LVDCON                           00000000
_LVDCONbits                       00000000
_OSCCON                           00000000
_OSCCONbits                       00000000
_OSCTUNE                          00000000
gpasm-1.4.0 #1107 (May  9 2015) build/sdcc/pr   12-2-2016  22:31:28         PAGE 18


SYMBOL TABLE
  LABEL                             VALUE 

_OSCTUNEbits                      00000000
_PC                               00000000
_PCL                              00000000
_PCLATH                           00000000
_PCLATU                           00000000
_PIE1                             00000000
_PIE1bits                         00000000
_PIE2                             00000000
_PIE2bits                         00000000
_PIR1                             00000000
_PIR1bits                         00000000
_PIR2                             00000000
_PIR2bits                         00000000
_PLUSW0                           00000000
_PLUSW1                           00000000
_PLUSW2                           00000000
_PORTA                            00000000
_PORTAbits                        00000000
_PORTB                            00000000
_PORTBbits                        00000000
_PORTC                            00000000
_PORTCbits                        00000000
_PORTD                            00000000
_PORTDbits                        00000000
_PORTE                            00000000
_PORTEbits                        00000000
_POSTDEC0                         00000000
_POSTDEC1                         00000000
_POSTDEC2                         00000000
_POSTINC0                         00000000
_POSTINC1                         00000000
_POSTINC2                         00000000
_PR2                              00000000
_PREINC0                          00000000
_PREINC1                          00000000
_PREINC2                          00000000
_PROD                             00000000
_PRODH                            00000000
_PRODL                            00000000
_PWM1CON                          00000000
_PWM1CONbits                      00000000
_RCON                             00000000
_RCONbits                         00000000
_RCREG                            00000000
_RCSTA                            00000000
_RCSTAbits                        00000000
_SPBRG                            00000000
_SPBRGH                           00000000
_SSPADD                           00000000
_SSPBUF                           00000000
_SSPCON1                          00000000
_SSPCON1bits                      00000000
_SSPCON2                          00000000
gpasm-1.4.0 #1107 (May  9 2015) build/sdcc/pr   12-2-2016  22:31:28         PAGE 19


SYMBOL TABLE
  LABEL                             VALUE 

_SSPCON2bits                      00000000
_SSPSTAT                          00000000
_SSPSTATbits                      00000000
_STATUS                           00000000
_STATUSbits                       00000000
_STKPTR                           00000000
_STKPTRbits                       00000000
_Serial_begin                     00000000
_Serial_print                     00000000
_Serial_println                   00000000
_Serial_rx                        00000000
_Serial_tx                        00000000
_T0CON                            00000000
_T0CONbits                        00000000
_T1CON                            00000000
_T1CONbits                        00000000
_T2CON                            00000000
_T2CONbits                        00000000
_T3CON                            00000000
_T3CONbits                        00000000
_TABLAT                           00000000
_TBLPTR                           00000000
_TBLPTRH                          00000000
_TBLPTRL                          00000000
_TBLPTRU                          00000000
_TMR0                             00000000
_TMR0H                            00000000
_TMR0L                            00000000
_TMR1                             00000000
_TMR1H                            00000000
_TMR1L                            00000000
_TMR2                             00000000
_TMR3                             00000000
_TMR3H                            00000000
_TMR3L                            00000000
_TOS                              00000000
_TOSH                             00000000
_TOSL                             00000000
_TOSU                             00000000
_TRISA                            00000000
_TRISAbits                        00000000
_TRISB                            00000000
_TRISBbits                        00000000
_TRISC                            00000000
_TRISCbits                        00000000
_TRISD                            00000000
_TRISDbits                        00000000
_TRISE                            00000000
_TRISEbits                        00000000
_TXREG                            00000000
_TXSTA                            00000000
_TXSTAbits                        00000000
_WDTCON                           00000000
gpasm-1.4.0 #1107 (May  9 2015) build/sdcc/pr   12-2-2016  22:31:28         PAGE 20


SYMBOL TABLE
  LABEL                             VALUE 

_WDTCONbits                       00000000
_WREG                             00000000
__18F4620                         00000001
__ACC_RAM_LOW_END                 0000007F
__CODE_END                        0000FFFF
__CODE_START                      00000000
__EEPROM_END                      00F003FF
__EEPROM_START                    00F00000
__VECTOR_INT_HIGH                 00000008
__VECTOR_INT_LOW                  00000018
__VECTOR_RESET                    00000000
___str_0                          00000138
__divulong                        00000000
__gptrget1                        00000000
__mullong                         00000000
_buff                             00000000
_delay                            00000000
_itoa_                            00000000
_mtime                            00000000
_stdin                            00000000
_stdout                           00000000
_ultoa                            00000000
r0x00                             00000000
r0x01                             00000001
r0x02                             00000002
r0x03                             00000003
r0x04                             00000004
r0x05                             00000005
r0x06                             00000006
r0x07                             00000007

Errors   :     0
Warnings :     0 reported,     0 suppressed
Messages :    66 reported,     0 suppressed

