gpasm-1.4.0 #1107 (May  9 2015) build/sdcc/pr   12-2-2016  22:31:28         PAGE  1


LOC    OBJECT CODE    LINE  SOURCE TEXT
  VALUE

                      00001 ;--------------------------------------------------------
                      00002 ; File Created by SDCC : free open source ANSI-C Compiler
                      00003 ; Version 3.6.0 #9615 (Linux)
                      00004 ;--------------------------------------------------------
                      00005 ; PIC16 port for the Microchip 16-bit core micros
                      00006 ;--------------------------------------------------------
                      00007         list    p=18f4620
                      00008         radix   dec
                      00009 
                      00010 
                      00011 ;--------------------------------------------------------
                      00012 ; public variables in this module
                      00013 ;--------------------------------------------------------
  0000                00014         global  _malloc
  0000                00015         global  _free
  0000                00016         global  _realloc
  0000                00017         global  _mem_pool
  0000                00018         global  _next_alloc
                      00019 
                      00020 ;--------------------------------------------------------
                      00021 ; extern variables in this module
                      00022 ;--------------------------------------------------------
  0000                00023         extern  _PORTAbits
  0000                00024         extern  _PORTBbits
  0000                00025         extern  _PORTCbits
  0000                00026         extern  _PORTDbits
  0000                00027         extern  _PORTEbits
  0000                00028         extern  _LATAbits
  0000                00029         extern  _LATBbits
  0000                00030         extern  _LATCbits
  0000                00031         extern  _LATDbits
  0000                00032         extern  _LATEbits
  0000                00033         extern  _DDRAbits
  0000                00034         extern  _TRISAbits
  0000                00035         extern  _DDRBbits
  0000                00036         extern  _TRISBbits
  0000                00037         extern  _DDRCbits
  0000                00038         extern  _TRISCbits
  0000                00039         extern  _DDRDbits
  0000                00040         extern  _TRISDbits
  0000                00041         extern  _DDREbits
  0000                00042         extern  _TRISEbits
  0000                00043         extern  _OSCTUNEbits
  0000                00044         extern  _PIE1bits
  0000                00045         extern  _PIR1bits
  0000                00046         extern  _IPR1bits
  0000                00047         extern  _PIE2bits
  0000                00048         extern  _PIR2bits
  0000                00049         extern  _IPR2bits
  0000                00050         extern  _EECON1bits
  0000                00051         extern  _RCSTAbits
  0000                00052         extern  _TXSTAbits
  0000                00053         extern  _T3CONbits
gpasm-1.4.0 #1107 (May  9 2015) build/sdcc/pr   12-2-2016  22:31:28         PAGE  2


LOC    OBJECT CODE    LINE  SOURCE TEXT
  VALUE

  0000                00054         extern  _CMCONbits
  0000                00055         extern  _CVRCONbits
  0000                00056         extern  _ECCP1ASbits
  0000                00057         extern  _PWM1CONbits
  0000                00058         extern  _BAUDCONbits
  0000                00059         extern  _BAUDCTLbits
  0000                00060         extern  _CCP2CONbits
  0000                00061         extern  _CCP1CONbits
  0000                00062         extern  _ADCON2bits
  0000                00063         extern  _ADCON1bits
  0000                00064         extern  _ADCON0bits
  0000                00065         extern  _SSPCON2bits
  0000                00066         extern  _SSPCON1bits
  0000                00067         extern  _SSPSTATbits
  0000                00068         extern  _T2CONbits
  0000                00069         extern  _T1CONbits
  0000                00070         extern  _RCONbits
  0000                00071         extern  _WDTCONbits
  0000                00072         extern  _HLVDCONbits
  0000                00073         extern  _LVDCONbits
  0000                00074         extern  _OSCCONbits
  0000                00075         extern  _T0CONbits
  0000                00076         extern  _STATUSbits
  0000                00077         extern  _INTCON3bits
  0000                00078         extern  _INTCON2bits
  0000                00079         extern  _INTCONbits
  0000                00080         extern  _STKPTRbits
  0000                00081         extern  _stdin
  0000                00082         extern  _stdout
  0000                00083         extern  _mtime
  0000                00084         extern  _PORTA
  0000                00085         extern  _PORTB
  0000                00086         extern  _PORTC
  0000                00087         extern  _PORTD
  0000                00088         extern  _PORTE
  0000                00089         extern  _LATA
  0000                00090         extern  _LATB
  0000                00091         extern  _LATC
  0000                00092         extern  _LATD
  0000                00093         extern  _LATE
  0000                00094         extern  _DDRA
  0000                00095         extern  _TRISA
  0000                00096         extern  _DDRB
  0000                00097         extern  _TRISB
  0000                00098         extern  _DDRC
  0000                00099         extern  _TRISC
  0000                00100         extern  _DDRD
  0000                00101         extern  _TRISD
  0000                00102         extern  _DDRE
  0000                00103         extern  _TRISE
  0000                00104         extern  _OSCTUNE
  0000                00105         extern  _PIE1
  0000                00106         extern  _PIR1
gpasm-1.4.0 #1107 (May  9 2015) build/sdcc/pr   12-2-2016  22:31:28         PAGE  3


LOC    OBJECT CODE    LINE  SOURCE TEXT
  VALUE

  0000                00107         extern  _IPR1
  0000                00108         extern  _PIE2
  0000                00109         extern  _PIR2
  0000                00110         extern  _IPR2
  0000                00111         extern  _EECON1
  0000                00112         extern  _EECON2
  0000                00113         extern  _EEDATA
  0000                00114         extern  _EEADR
  0000                00115         extern  _EEADRH
  0000                00116         extern  _RCSTA
  0000                00117         extern  _TXSTA
  0000                00118         extern  _TXREG
  0000                00119         extern  _RCREG
  0000                00120         extern  _SPBRG
  0000                00121         extern  _SPBRGH
  0000                00122         extern  _T3CON
  0000                00123         extern  _TMR3
  0000                00124         extern  _TMR3L
  0000                00125         extern  _TMR3H
  0000                00126         extern  _CMCON
  0000                00127         extern  _CVRCON
  0000                00128         extern  _ECCP1AS
  0000                00129         extern  _PWM1CON
  0000                00130         extern  _BAUDCON
  0000                00131         extern  _BAUDCTL
  0000                00132         extern  _CCP2CON
  0000                00133         extern  _CCPR2
  0000                00134         extern  _CCPR2L
  0000                00135         extern  _CCPR2H
  0000                00136         extern  _CCP1CON
  0000                00137         extern  _CCPR1
  0000                00138         extern  _CCPR1L
  0000                00139         extern  _CCPR1H
  0000                00140         extern  _ADCON2
  0000                00141         extern  _ADCON1
  0000                00142         extern  _ADCON0
  0000                00143         extern  _ADRES
  0000                00144         extern  _ADRESL
  0000                00145         extern  _ADRESH
  0000                00146         extern  _SSPCON2
  0000                00147         extern  _SSPCON1
  0000                00148         extern  _SSPSTAT
  0000                00149         extern  _SSPADD
  0000                00150         extern  _SSPBUF
  0000                00151         extern  _T2CON
  0000                00152         extern  _PR2
  0000                00153         extern  _TMR2
  0000                00154         extern  _T1CON
  0000                00155         extern  _TMR1
  0000                00156         extern  _TMR1L
  0000                00157         extern  _TMR1H
  0000                00158         extern  _RCON
  0000                00159         extern  _WDTCON
gpasm-1.4.0 #1107 (May  9 2015) build/sdcc/pr   12-2-2016  22:31:28         PAGE  4


LOC    OBJECT CODE    LINE  SOURCE TEXT
  VALUE

  0000                00160         extern  _HLVDCON
  0000                00161         extern  _LVDCON
  0000                00162         extern  _OSCCON
  0000                00163         extern  _T0CON
  0000                00164         extern  _TMR0
  0000                00165         extern  _TMR0L
  0000                00166         extern  _TMR0H
  0000                00167         extern  _STATUS
  0000                00168         extern  _FSR2L
  0000                00169         extern  _FSR2H
  0000                00170         extern  _PLUSW2
  0000                00171         extern  _PREINC2
  0000                00172         extern  _POSTDEC2
  0000                00173         extern  _POSTINC2
  0000                00174         extern  _INDF2
  0000                00175         extern  _BSR
  0000                00176         extern  _FSR1L
  0000                00177         extern  _FSR1H
  0000                00178         extern  _PLUSW1
  0000                00179         extern  _PREINC1
  0000                00180         extern  _POSTDEC1
  0000                00181         extern  _POSTINC1
  0000                00182         extern  _INDF1
  0000                00183         extern  _WREG
  0000                00184         extern  _FSR0L
  0000                00185         extern  _FSR0H
  0000                00186         extern  _PLUSW0
  0000                00187         extern  _PREINC0
  0000                00188         extern  _POSTDEC0
  0000                00189         extern  _POSTINC0
  0000                00190         extern  _INDF0
  0000                00191         extern  _INTCON3
  0000                00192         extern  _INTCON2
  0000                00193         extern  _INTCON
  0000                00194         extern  _PROD
  0000                00195         extern  _PRODL
  0000                00196         extern  _PRODH
  0000                00197         extern  _TABLAT
  0000                00198         extern  _TBLPTR
  0000                00199         extern  _TBLPTRL
  0000                00200         extern  _TBLPTRH
  0000                00201         extern  _TBLPTRU
  0000                00202         extern  _PC
  0000                00203         extern  _PCL
  0000                00204         extern  _PCLATH
  0000                00205         extern  _PCLATU
  0000                00206         extern  _STKPTR
  0000                00207         extern  _TOS
  0000                00208         extern  _TOSL
  0000                00209         extern  _TOSH
  0000                00210         extern  _TOSU
                      00211 
                      00212 ;--------------------------------------------------------
gpasm-1.4.0 #1107 (May  9 2015) build/sdcc/pr   12-2-2016  22:31:28         PAGE  5


LOC    OBJECT CODE    LINE  SOURCE TEXT
  VALUE

                      00213 ;       Equates to used internal registers
                      00214 ;--------------------------------------------------------
  00000FD8            00215 STATUS  equ     0xfd8
  00000FE8            00216 WREG    equ     0xfe8
  00000FE1            00217 FSR1L   equ     0xfe1
  00000FE2            00218 FSR1H   equ     0xfe2
  00000FD9            00219 FSR2L   equ     0xfd9
  00000FDA            00220 FSR2H   equ     0xfda
  00000FE6            00221 POSTINC1        equ     0xfe6
  00000FE5            00222 POSTDEC1        equ     0xfe5
  00000FE4            00223 PREINC1 equ     0xfe4
  00000FDB            00224 PLUSW2  equ     0xfdb
  00000FF3            00225 PRODL   equ     0xff3
  00000FF4            00226 PRODH   equ     0xff4
                      00227 
                      00228 
                      00229 ; Internal registers
                      00230 .registers      udata_ovr       0x0000
000000                00231 r0x00   res     1
000001                00232 r0x01   res     1
000002                00233 r0x02   res     1
000003                00234 r0x03   res     1
000004                00235 r0x04   res     1
                      00236 
                      00237 udata_umalloc_0 udata
000000                00238 _next_alloc     res     3
                      00239 
                      00240 udata_umalloc_1 udata
000000                00241 _mem_pool       res     100
                      00242 
                      00243 ;--------------------------------------------------------
                      00244 ; global & static initialisations
                      00245 ;--------------------------------------------------------
                      00246 ; I code from now on!
                      00247 ; ; Starting pCode block
                      00248 S_umalloc__realloc      code
000000                00249 _realloc:
                      00250 ;       .line   28; umalloc.c   void *realloc(void *dat, uint16_t size)
000000 CFDA FFE5      00251         MOVFF   FSR2H, POSTDEC1
000004 CFD9 FFE5      00252         MOVFF   FSR2L, POSTDEC1
000008 CFE2 FFDA      00253         MOVFF   FSR1H, FSR2H
00000C CFE1 FFD9      00254         MOVFF   FSR1L, FSR2L
000010 C??? F???      00255         MOVFF   r0x00, POSTDEC1
000014 C??? F???      00256         MOVFF   r0x01, POSTDEC1
000018 C??? F???      00257         MOVFF   r0x02, POSTDEC1
00001C C??? F???      00258         MOVFF   r0x03, POSTDEC1
000020 C??? F???      00259         MOVFF   r0x04, POSTDEC1
000024 0E03           00260         MOVLW   0x03
000026 CFDB F000      00261         MOVFF   PLUSW2, r0x00
00002A 0E04           00262         MOVLW   0x04
00002C CFDB F000      00263         MOVFF   PLUSW2, r0x01
000030 0E05           00264         MOVLW   0x05
000032 CFDB F000      00265         MOVFF   PLUSW2, r0x02
gpasm-1.4.0 #1107 (May  9 2015) build/sdcc/pr   12-2-2016  22:31:28         PAGE  6


LOC    OBJECT CODE    LINE  SOURCE TEXT
  VALUE

000036 0E06           00266         MOVLW   0x06
000038 CFDB F000      00267         MOVFF   PLUSW2, r0x03
00003C 0E07           00268         MOVLW   0x07
00003E CFDB F000      00269         MOVFF   PLUSW2, r0x04
                      00270 ;       .line   30; umalloc.c   free(dat);
000042 50??           00271         MOVF    r0x02, W
Message[1301]: Using default destination of 0 (Access Bank).
000044 6EE5           00272         MOVWF   POSTDEC1
000046 50??           00273         MOVF    r0x01, W
Message[1301]: Using default destination of 0 (Access Bank).
000048 6EE5           00274         MOVWF   POSTDEC1
00004A 50??           00275         MOVF    r0x00, W
Message[1301]: Using default destination of 0 (Access Bank).
00004C 6EE5           00276         MOVWF   POSTDEC1
00004E EC?? F0??      00277         CALL    _free
000052 0E03           00278         MOVLW   0x03
000054 26E1           00279         ADDWF   FSR1L, F
000056 B0D8           00280         BTFSC   STATUS, 0
000058 2AE2           00281         INCF    FSR1H, F
                      00282 ;       .line   31; umalloc.c   return malloc(size);
00005A 50??           00283         MOVF    r0x04, W
Message[1301]: Using default destination of 0 (Access Bank).
00005C 6EE5           00284         MOVWF   POSTDEC1
00005E 50??           00285         MOVF    r0x03, W
Message[1301]: Using default destination of 0 (Access Bank).
000060 6EE5           00286         MOVWF   POSTDEC1
000062 EC?? F0??      00287         CALL    _malloc
Message[1301]: Using default destination of 0 (Access Bank).
000066 6E??           00288         MOVWF   r0x00
000068 CFF3 F000      00289         MOVFF   PRODL, r0x01
00006C CFF4 F000      00290         MOVFF   PRODH, r0x02
000070 52E6           00291         MOVF    POSTINC1, F
000072 52E6           00292         MOVF    POSTINC1, F
000074 C??? F???      00293         MOVFF   r0x02, PRODH
000078 C??? F???      00294         MOVFF   r0x01, PRODL
00007C 50??           00295         MOVF    r0x00, W
00007E CFE4 F000      00296         MOVFF   PREINC1, r0x04
000082 CFE4 F000      00297         MOVFF   PREINC1, r0x03
000086 CFE4 F000      00298         MOVFF   PREINC1, r0x02
00008A CFE4 F000      00299         MOVFF   PREINC1, r0x01
00008E CFE4 F000      00300         MOVFF   PREINC1, r0x00
000092 CFE4 FFD9      00301         MOVFF   PREINC1, FSR2L
000096 CFE4 FFDA      00302         MOVFF   PREINC1, FSR2H
00009A 0012           00303         RETURN  
                      00304 
                      00305 ; ; Starting pCode block
                      00306 S_umalloc__free code
000000                00307 _free:
                      00308 ;       .line   23; umalloc.c   void free(void *dat)
000000 CFDA FFE5      00309         MOVFF   FSR2H, POSTDEC1
000004 CFD9 FFE5      00310         MOVFF   FSR2L, POSTDEC1
000008 CFE2 FFDA      00311         MOVFF   FSR1H, FSR2H
00000C CFE1 FFD9      00312         MOVFF   FSR1L, FSR2L
gpasm-1.4.0 #1107 (May  9 2015) build/sdcc/pr   12-2-2016  22:31:28         PAGE  7


LOC    OBJECT CODE    LINE  SOURCE TEXT
  VALUE

000010 C??? F???      00313         MOVFF   r0x00, POSTDEC1
000014 C??? F???      00314         MOVFF   r0x01, POSTDEC1
000018 C??? F???      00315         MOVFF   r0x02, POSTDEC1
00001C 0E03           00316         MOVLW   0x03
00001E CFDB F000      00317         MOVFF   PLUSW2, r0x00
000022 0E04           00318         MOVLW   0x04
000024 CFDB F000      00319         MOVFF   PLUSW2, r0x01
000028 0E05           00320         MOVLW   0x05
00002A CFDB F000      00321         MOVFF   PLUSW2, r0x02
                      00322 ;       .line   25; umalloc.c   next_alloc = (uint8_t *)dat;
00002E 50??           00323         MOVF    r0x02, W
000030 ????           00324         BANKSEL (_next_alloc + 2)
000032 6F??           00325         MOVWF   (_next_alloc + 2), B
000034 50??           00326         MOVF    r0x01, W
000036 ????           00327         BANKSEL (_next_alloc + 1)
000038 6F??           00328         MOVWF   (_next_alloc + 1), B
00003A 50??           00329         MOVF    r0x00, W
00003C ????           00330         BANKSEL _next_alloc
00003E 6F??           00331         MOVWF   _next_alloc, B
000040 CFE4 F000      00332         MOVFF   PREINC1, r0x02
000044 CFE4 F000      00333         MOVFF   PREINC1, r0x01
000048 CFE4 F000      00334         MOVFF   PREINC1, r0x00
00004C CFE4 FFD9      00335         MOVFF   PREINC1, FSR2L
000050 CFE4 FFDA      00336         MOVFF   PREINC1, FSR2H
000054 0012           00337         RETURN  
                      00338 
                      00339 ; ; Starting pCode block
                      00340 S_umalloc__malloc       code
000000                00341 _malloc:
                      00342 ;       .line   8; umalloc.c    void *malloc(uint16_t size)
000000 CFDA FFE5      00343         MOVFF   FSR2H, POSTDEC1
000004 CFD9 FFE5      00344         MOVFF   FSR2L, POSTDEC1
000008 CFE2 FFDA      00345         MOVFF   FSR1H, FSR2H
00000C CFE1 FFD9      00346         MOVFF   FSR1L, FSR2L
000010 C??? F???      00347         MOVFF   r0x00, POSTDEC1
000014 C??? F???      00348         MOVFF   r0x01, POSTDEC1
000018 C??? F???      00349         MOVFF   r0x02, POSTDEC1
00001C C??? F???      00350         MOVFF   r0x03, POSTDEC1
000020 C??? F???      00351         MOVFF   r0x04, POSTDEC1
000024 0E03           00352         MOVLW   0x03
000026 CFDB F000      00353         MOVFF   PLUSW2, r0x00
00002A 0E04           00354         MOVLW   0x04
00002C CFDB F000      00355         MOVFF   PLUSW2, r0x01
000030 ????           00356         BANKSEL _next_alloc
                      00357 ;       .line   10; umalloc.c   if (pool_end - next_alloc <= size)
000032 51??           00358         MOVF    _next_alloc, W, B
000034 01??           00359         BANKSEL LOW(_mem_pool + 100)
000036 5D??           00360         SUBWF   LOW(_mem_pool + 100), W, B
Message[1301]: Using default destination of 0 (Access Bank).
000038 6E??           00361         MOVWF   r0x02
00003A ????           00362         BANKSEL (_next_alloc + 1)
00003C 51??           00363         MOVF    (_next_alloc + 1), W, B
00003E 01??           00364         BANKSEL HIGH(_mem_pool + 100)
gpasm-1.4.0 #1107 (May  9 2015) build/sdcc/pr   12-2-2016  22:31:28         PAGE  8


LOC    OBJECT CODE    LINE  SOURCE TEXT
  VALUE

000040 59??           00365         SUBWFB  HIGH(_mem_pool + 100), W, B
Message[1301]: Using default destination of 0 (Access Bank).
000042 6E??           00366         MOVWF   r0x03
000044 50??           00367         MOVF    r0x03, W
000046 5C??           00368         SUBWF   r0x01, W
000048 E1??           00369         BNZ     _00119_DS_
00004A 50??           00370         MOVF    r0x02, W
00004C 5C??           00371         SUBWF   r0x00, W
00004E                00372 _00119_DS_:
00004E E3??           00373         BNC     _00106_DS_
                      00374 ;       .line   12; umalloc.c   uint8_t *ret = next_alloc;
000050 C??? F???      00375         MOVFF   _next_alloc, r0x02
000054 C??? F???      00376         MOVFF   (_next_alloc + 1), r0x03
000058 C??? F???      00377         MOVFF   (_next_alloc + 2), r0x04
                      00378 ;       .line   13; umalloc.c   next_alloc += size;
00005C 50??           00379         MOVF    r0x00, W
00005E ????           00380         BANKSEL _next_alloc
000060 27??           00381         ADDWF   _next_alloc, F, B
000062 50??           00382         MOVF    r0x01, W
000064 ????           00383         BANKSEL (_next_alloc + 1)
000066 23??           00384         ADDWFC  (_next_alloc + 1), F, B
Message[1301]: Using default destination of 0 (Access Bank).
000068 6AE8           00385         CLRF    WREG
00006A ????           00386         BANKSEL (_next_alloc + 2)
00006C 23??           00387         ADDWFC  (_next_alloc + 2), F, B
                      00388 ;       .line   14; umalloc.c   return ret;
00006E 50??           00389         MOVF    r0x04, W
Message[1301]: Using default destination of 0 (Access Bank).
000070 6E??           00390         MOVWF   r0x04
000072 50??           00391         MOVF    r0x03, W
Message[1301]: Using default destination of 0 (Access Bank).
000074 6E??           00392         MOVWF   r0x03
000076 50??           00393         MOVF    r0x02, W
Message[1301]: Using default destination of 0 (Access Bank).
000078 6E??           00394         MOVWF   r0x02
00007A C??? F???      00395         MOVFF   r0x04, PRODH
00007E C??? F???      00396         MOVFF   r0x03, PRODL
000082 50??           00397         MOVF    r0x02, W
000084 D???           00398         BRA     _00111_DS_
000086                00399 _00106_DS_:
                      00400 ;       .line   18; umalloc.c   while(1);//no memory error 
000086 D???           00401         BRA     _00106_DS_
000088                00402 _00111_DS_:
                      00403 ;       .line   20; umalloc.c   return 0;
000088 CFE4 F000      00404         MOVFF   PREINC1, r0x04
00008C CFE4 F000      00405         MOVFF   PREINC1, r0x03
000090 CFE4 F000      00406         MOVFF   PREINC1, r0x02
000094 CFE4 F000      00407         MOVFF   PREINC1, r0x01
000098 CFE4 F000      00408         MOVFF   PREINC1, r0x00
00009C CFE4 FFD9      00409         MOVFF   PREINC1, FSR2L
0000A0 CFE4 FFDA      00410         MOVFF   PREINC1, FSR2H
0000A4 0012           00411         RETURN  
                      00412 
gpasm-1.4.0 #1107 (May  9 2015) build/sdcc/pr   12-2-2016  22:31:28         PAGE  9


LOC    OBJECT CODE    LINE  SOURCE TEXT
  VALUE

                      00413 
                      00414 
                      00415 ; Statistics:
                      00416 ; code size:      408 (0x0198) bytes ( 0.31%)
                      00417 ;                 204 (0x00cc) words
                      00418 ; udata size:     103 (0x0067) bytes ( 2.68%)
                      00419 ; access size:      5 (0x0005) bytes
                      00420 
                      00421 
                      00422         end
gpasm-1.4.0 #1107 (May  9 2015) build/sdcc/pr   12-2-2016  22:31:28         PAGE 10


SYMBOL TABLE
  LABEL                             VALUE

FSR1H                             00000FE2
FSR1L                             00000FE1
FSR2H                             00000FDA
FSR2L                             00000FD9
PLUSW2                            00000FDB
POSTDEC1                          00000FE5
POSTINC1                          00000FE6
PREINC1                           00000FE4
PRODH                             00000FF4
PRODL                             00000FF3
STATUS                            00000FD8
WREG                              00000FE8
_00106_DS_                        00000086
_00111_DS_                        00000088
_00119_DS_                        0000004E
_ADCON0                           00000000
_ADCON0bits                       00000000
_ADCON1                           00000000
_ADCON1bits                       00000000
_ADCON2                           00000000
_ADCON2bits                       00000000
_ADRES                            00000000
_ADRESH                           00000000
_ADRESL                           00000000
_BAUDCON                          00000000
_BAUDCONbits                      00000000
_BAUDCTL                          00000000
_BAUDCTLbits                      00000000
_BSR                              00000000
_CCP1CON                          00000000
_CCP1CONbits                      00000000
_CCP2CON                          00000000
_CCP2CONbits                      00000000
_CCPR1                            00000000
_CCPR1H                           00000000
_CCPR1L                           00000000
_CCPR2                            00000000
_CCPR2H                           00000000
_CCPR2L                           00000000
_CMCON                            00000000
_CMCONbits                        00000000
_CVRCON                           00000000
_CVRCONbits                       00000000
_DDRA                             00000000
_DDRAbits                         00000000
_DDRB                             00000000
_DDRBbits                         00000000
_DDRC                             00000000
_DDRCbits                         00000000
_DDRD                             00000000
_DDRDbits                         00000000
_DDRE                             00000000
_DDREbits                         00000000
gpasm-1.4.0 #1107 (May  9 2015) build/sdcc/pr   12-2-2016  22:31:28         PAGE 11


SYMBOL TABLE
  LABEL                             VALUE 

_ECCP1AS                          00000000
_ECCP1ASbits                      00000000
_EEADR                            00000000
_EEADRH                           00000000
_EECON1                           00000000
_EECON1bits                       00000000
_EECON2                           00000000
_EEDATA                           00000000
_FSR0H                            00000000
_FSR0L                            00000000
_FSR1H                            00000000
_FSR1L                            00000000
_FSR2H                            00000000
_FSR2L                            00000000
_HLVDCON                          00000000
_HLVDCONbits                      00000000
_INDF0                            00000000
_INDF1                            00000000
_INDF2                            00000000
_INTCON                           00000000
_INTCON2                          00000000
_INTCON2bits                      00000000
_INTCON3                          00000000
_INTCON3bits                      00000000
_INTCONbits                       00000000
_IPR1                             00000000
_IPR1bits                         00000000
_IPR2                             00000000
_IPR2bits                         00000000
_LATA                             00000000
_LATAbits                         00000000
_LATB                             00000000
_LATBbits                         00000000
_LATC                             00000000
_LATCbits                         00000000
_LATD                             00000000
_LATDbits                         00000000
_LATE                             00000000
_LATEbits                         00000000
_LVDCON                           00000000
_LVDCONbits                       00000000
_OSCCON                           00000000
_OSCCONbits                       00000000
_OSCTUNE                          00000000
_OSCTUNEbits                      00000000
_PC                               00000000
_PCL                              00000000
_PCLATH                           00000000
_PCLATU                           00000000
_PIE1                             00000000
_PIE1bits                         00000000
_PIE2                             00000000
_PIE2bits                         00000000
gpasm-1.4.0 #1107 (May  9 2015) build/sdcc/pr   12-2-2016  22:31:28         PAGE 12


SYMBOL TABLE
  LABEL                             VALUE 

_PIR1                             00000000
_PIR1bits                         00000000
_PIR2                             00000000
_PIR2bits                         00000000
_PLUSW0                           00000000
_PLUSW1                           00000000
_PLUSW2                           00000000
_PORTA                            00000000
_PORTAbits                        00000000
_PORTB                            00000000
_PORTBbits                        00000000
_PORTC                            00000000
_PORTCbits                        00000000
_PORTD                            00000000
_PORTDbits                        00000000
_PORTE                            00000000
_PORTEbits                        00000000
_POSTDEC0                         00000000
_POSTDEC1                         00000000
_POSTDEC2                         00000000
_POSTINC0                         00000000
_POSTINC1                         00000000
_POSTINC2                         00000000
_PR2                              00000000
_PREINC0                          00000000
_PREINC1                          00000000
_PREINC2                          00000000
_PROD                             00000000
_PRODH                            00000000
_PRODL                            00000000
_PWM1CON                          00000000
_PWM1CONbits                      00000000
_RCON                             00000000
_RCONbits                         00000000
_RCREG                            00000000
_RCSTA                            00000000
_RCSTAbits                        00000000
_SPBRG                            00000000
_SPBRGH                           00000000
_SSPADD                           00000000
_SSPBUF                           00000000
_SSPCON1                          00000000
_SSPCON1bits                      00000000
_SSPCON2                          00000000
_SSPCON2bits                      00000000
_SSPSTAT                          00000000
_SSPSTATbits                      00000000
_STATUS                           00000000
_STATUSbits                       00000000
_STKPTR                           00000000
_STKPTRbits                       00000000
_T0CON                            00000000
_T0CONbits                        00000000
gpasm-1.4.0 #1107 (May  9 2015) build/sdcc/pr   12-2-2016  22:31:28         PAGE 13


SYMBOL TABLE
  LABEL                             VALUE 

_T1CON                            00000000
_T1CONbits                        00000000
_T2CON                            00000000
_T2CONbits                        00000000
_T3CON                            00000000
_T3CONbits                        00000000
_TABLAT                           00000000
_TBLPTR                           00000000
_TBLPTRH                          00000000
_TBLPTRL                          00000000
_TBLPTRU                          00000000
_TMR0                             00000000
_TMR0H                            00000000
_TMR0L                            00000000
_TMR1                             00000000
_TMR1H                            00000000
_TMR1L                            00000000
_TMR2                             00000000
_TMR3                             00000000
_TMR3H                            00000000
_TMR3L                            00000000
_TOS                              00000000
_TOSH                             00000000
_TOSL                             00000000
_TOSU                             00000000
_TRISA                            00000000
_TRISAbits                        00000000
_TRISB                            00000000
_TRISBbits                        00000000
_TRISC                            00000000
_TRISCbits                        00000000
_TRISD                            00000000
_TRISDbits                        00000000
_TRISE                            00000000
_TRISEbits                        00000000
_TXREG                            00000000
_TXSTA                            00000000
_TXSTAbits                        00000000
_WDTCON                           00000000
_WDTCONbits                       00000000
_WREG                             00000000
__18F4620                         00000001
__ACC_RAM_LOW_END                 0000007F
__CODE_END                        0000FFFF
__CODE_START                      00000000
__EEPROM_END                      00F003FF
__EEPROM_START                    00F00000
__VECTOR_INT_HIGH                 00000008
__VECTOR_INT_LOW                  00000018
__VECTOR_RESET                    00000000
_free                             00000000
_malloc                           00000000
_mem_pool                         00000000
gpasm-1.4.0 #1107 (May  9 2015) build/sdcc/pr   12-2-2016  22:31:28         PAGE 14


SYMBOL TABLE
  LABEL                             VALUE 

_mtime                            00000000
_next_alloc                       00000000
_realloc                          00000000
_stdin                            00000000
_stdout                           00000000
r0x00                             00000000
r0x01                             00000001
r0x02                             00000002
r0x03                             00000003
r0x04                             00000004

Errors   :     0
Warnings :     0 reported,     0 suppressed
Messages :    12 reported,     0 suppressed

